# JRE version: OpenJDK Runtime Environment Temurin-17.0.7+7 (17.0.7+7) (build 17.0.7+7)
# Java VM: OpenJDK 64-Bit Server VM Temurin-17.0.7+7 (17.0.7+7, mixed mode, tiered, compressed oops, compressed class ptrs, parallel gc, windows-amd64)
GC Precious Log:
 CPUs: 8 total, 8 available
 Memory: 16151M
 Large Page Support: Disabled
 NUMA Support: Disabled
 Compressed Oops: Enabled (32-bit)
 Alignments: Space 512K, Generation 512K, Heap 2M
 Heap Min Capacity: 100M
 Heap Initial Capacity: 100M
 Heap Max Capacity: 1G
 Pre-touch: Disabled
 Parallel Workers: 8
Heap:
 PSYoungGen      total 4608K, used 4286K [0x00000000eab00000, 0x00000000eb080000, 0x0000000100000000)
  eden space 3584K, 99% used [0x00000000eab00000,0x00000000eae7f880,0x00000000eae80000)
  from space 1024K, 68% used [0x00000000eae80000,0x00000000eaf30000,0x00000000eaf80000)
  to   space 1024K, 0% used [0x00000000eaf80000,0x00000000eaf80000,0x00000000eb080000)
 ParOldGen       total 335360K, used 308296K [0x00000000c0000000, 0x00000000d4780000, 0x00000000eab00000)
  object space 335360K, 91% used [0x00000000c0000000,0x00000000d2d12238,0x00000000d4780000)
 Metaspace       used 68827K, committed 69824K, reserved 1114112K
  class space    used 8395K, committed 8832K, reserved 1048576K
GC Heap History (20 events):
Event: 27.685 GC heap before
{Heap before GC invocations=273 (full 12):
 PSYoungGen      total 4608K, used 4396K [0x00000000eab00000, 0x00000000eb080000, 0x0000000100000000)
  eden space 3584K, 100% used [0x00000000eab00000,0x00000000eae80000,0x00000000eae80000)
  from space 1024K, 79% used [0x00000000eaf00000,0x00000000eafcb2f8,0x00000000eb000000)
  to   space 512K, 0% used [0x00000000eb000000,0x00000000eb000000,0x00000000eb080000)
 ParOldGen       total 335360K, used 307656K [0x00000000c0000000, 0x00000000d4780000, 0x00000000eab00000)
  object space 335360K, 91% used [0x00000000c0000000,0x00000000d2c720e8,0x00000000d4780000)
 Metaspace       used 67011K, committed 67968K, reserved 1114112K
  class space    used 8051K, committed 8448K, reserved 1048576K
}
Event: 27.686 GC heap after
{Heap after GC invocations=273 (full 12):
 PSYoungGen      total 4096K, used 508K [0x00000000eab00000, 0x00000000eb080000, 0x0000000100000000)
  eden space 3584K, 0% used [0x00000000eab00000,0x00000000eab00000,0x00000000eae80000)
  from space 512K, 99% used [0x00000000eb000000,0x00000000eb07f178,0x00000000eb080000)
  to   space 1024K, 0% used [0x00000000eae80000,0x00000000eae80000,0x00000000eaf80000)
 ParOldGen       total 335360K, used 307794K [0x00000000c0000000, 0x00000000d4780000, 0x00000000eab00000)
  object space 335360K, 91% used [0x00000000c0000000,0x00000000d2c94a98,0x00000000d4780000)
 Metaspace       used 67011K, committed 67968K, reserved 1114112K
  class space    used 8051K, committed 8448K, reserved 1048576K
}
Event: 27.713 GC heap before
{Heap before GC invocations=274 (full 12):
 PSYoungGen      total 4096K, used 4092K [0x00000000eab00000, 0x00000000eb080000, 0x0000000100000000)
  eden space 3584K, 100% used [0x00000000eab00000,0x00000000eae80000,0x00000000eae80000)
  from space 512K, 99% used [0x00000000eb000000,0x00000000eb07f178,0x00000000eb080000)
  to   space 1024K, 0% used [0x00000000eae80000,0x00000000eae80000,0x00000000eaf80000)
 ParOldGen       total 335360K, used 307794K [0x00000000c0000000, 0x00000000d4780000, 0x00000000eab00000)
  object space 335360K, 91% used [0x00000000c0000000,0x00000000d2c94a98,0x00000000d4780000)
 Metaspace       used 67269K, committed 68224K, reserved 1114112K
  class space    used 8110K, committed 8512K, reserved 1048576K
}
Event: 27.714 GC heap after
{Heap after GC invocations=274 (full 12):
 PSYoungGen      total 4608K, used 500K [0x00000000eab00000, 0x00000000eb080000, 0x0000000100000000)
  eden space 3584K, 0% used [0x00000000eab00000,0x00000000eab00000,0x00000000eae80000)
  from space 1024K, 48% used [0x00000000eae80000,0x00000000eaefd150,0x00000000eaf80000)
  to   space 1024K, 0% used [0x00000000eaf80000,0x00000000eaf80000,0x00000000eb080000)
 ParOldGen       total 335360K, used 307850K [0x00000000c0000000, 0x00000000d4780000, 0x00000000eab00000)
  object space 335360K, 91% used [0x00000000c0000000,0x00000000d2ca2a98,0x00000000d4780000)
 Metaspace       used 67269K, committed 68224K, reserved 1114112K
  class space    used 8110K, committed 8512K, reserved 1048576K
}
Event: 27.739 GC heap before
{Heap before GC invocations=275 (full 12):
 PSYoungGen      total 4608K, used 4084K [0x00000000eab00000, 0x00000000eb080000, 0x0000000100000000)
  eden space 3584K, 100% used [0x00000000eab00000,0x00000000eae80000,0x00000000eae80000)
  from space 1024K, 48% used [0x00000000eae80000,0x00000000eaefd150,0x00000000eaf80000)
  to   space 1024K, 0% used [0x00000000eaf80000,0x00000000eaf80000,0x00000000eb080000)
 ParOldGen       total 335360K, used 307850K [0x00000000c0000000, 0x00000000d4780000, 0x00000000eab00000)
  object space 335360K, 91% used [0x00000000c0000000,0x00000000d2ca2a98,0x00000000d4780000)
 Metaspace       used 67339K, committed 68288K, reserved 1114112K
  class space    used 8128K, committed 8512K, reserved 1048576K
}
Event: 27.739 GC heap after
{Heap after GC invocations=275 (full 12):
 PSYoungGen      total 4608K, used 525K [0x00000000eab00000, 0x00000000eb080000, 0x0000000100000000)
  eden space 3584K, 0% used [0x00000000eab00000,0x00000000eab00000,0x00000000eae80000)
  from space 1024K, 51% used [0x00000000eaf80000,0x00000000eb0037e0,0x00000000eb080000)
  to   space 1024K, 0% used [0x00000000eae80000,0x00000000eae80000,0x00000000eaf80000)
 ParOldGen       total 335360K, used 307850K [0x00000000c0000000, 0x00000000d4780000, 0x00000000eab00000)
  object space 335360K, 91% used [0x00000000c0000000,0x00000000d2ca2a98,0x00000000d4780000)
 Metaspace       used 67339K, committed 68288K, reserved 1114112K
  class space    used 8128K, committed 8512K, reserved 1048576K
}
Event: 27.759 GC heap before
{Heap before GC invocations=276 (full 12):
 PSYoungGen      total 4608K, used 4109K [0x00000000eab00000, 0x00000000eb080000, 0x0000000100000000)
  eden space 3584K, 100% used [0x00000000eab00000,0x00000000eae80000,0x00000000eae80000)
  from space 1024K, 51% used [0x00000000eaf80000,0x00000000eb0037e0,0x00000000eb080000)
  to   space 1024K, 0% used [0x00000000eae80000,0x00000000eae80000,0x00000000eaf80000)
 ParOldGen       total 335360K, used 307850K [0x00000000c0000000, 0x00000000d4780000, 0x00000000eab00000)
  object space 335360K, 91% used [0x00000000c0000000,0x00000000d2ca2a98,0x00000000d4780000)
 Metaspace       used 67469K, committed 68416K, reserved 1114112K
  class space    used 8173K, committed 8576K, reserved 1048576K
}
Event: 27.760 GC heap after
{Heap after GC invocations=276 (full 12):
 PSYoungGen      total 4608K, used 539K [0x00000000eab00000, 0x00000000eb080000, 0x0000000100000000)
  eden space 3584K, 0% used [0x00000000eab00000,0x00000000eab00000,0x00000000eae80000)
  from space 1024K, 52% used [0x00000000eae80000,0x00000000eaf06fc0,0x00000000eaf80000)
  to   space 1024K, 0% used [0x00000000eaf80000,0x00000000eaf80000,0x00000000eb080000)
 ParOldGen       total 335360K, used 307938K [0x00000000c0000000, 0x00000000d4780000, 0x00000000eab00000)
  object space 335360K, 91% used [0x00000000c0000000,0x00000000d2cb8a98,0x00000000d4780000)
 Metaspace       used 67469K, committed 68416K, reserved 1114112K
  class space    used 8173K, committed 8576K, reserved 1048576K
}
Event: 27.780 GC heap before
{Heap before GC invocations=277 (full 12):
 PSYoungGen      total 4608K, used 4123K [0x00000000eab00000, 0x00000000eb080000, 0x0000000100000000)
  eden space 3584K, 100% used [0x00000000eab00000,0x00000000eae80000,0x00000000eae80000)
  from space 1024K, 52% used [0x00000000eae80000,0x00000000eaf06fc0,0x00000000eaf80000)
  to   space 1024K, 0% used [0x00000000eaf80000,0x00000000eaf80000,0x00000000eb080000)
 ParOldGen       total 335360K, used 307938K [0x00000000c0000000, 0x00000000d4780000, 0x00000000eab00000)
  object space 335360K, 91% used [0x00000000c0000000,0x00000000d2cb8a98,0x00000000d4780000)
 Metaspace       used 67560K, committed 68480K, reserved 1114112K
  class space    used 8213K, committed 8576K, reserved 1048576K
}
Event: 27.781 GC heap after
{Heap after GC invocations=277 (full 12):
 PSYoungGen      total 4096K, used 384K [0x00000000eab00000, 0x00000000eb000000, 0x0000000100000000)
  eden space 3584K, 0% used [0x00000000eab00000,0x00000000eab00000,0x00000000eae80000)
  from space 512K, 75% used [0x00000000eaf80000,0x00000000eafe0000,0x00000000eb000000)
  to   space 512K, 0% used [0x00000000eaf00000,0x00000000eaf00000,0x00000000eaf80000)
 ParOldGen       total 335360K, used 307994K [0x00000000c0000000, 0x00000000d4780000, 0x00000000eab00000)
  object space 335360K, 91% used [0x00000000c0000000,0x00000000d2cc6a98,0x00000000d4780000)
 Metaspace       used 67560K, committed 68480K, reserved 1114112K
  class space    used 8213K, committed 8576K, reserved 1048576K
}
Event: 27.806 GC heap before
{Heap before GC invocations=278 (full 12):
 PSYoungGen      total 4096K, used 3968K [0x00000000eab00000, 0x00000000eb000000, 0x0000000100000000)
  eden space 3584K, 100% used [0x00000000eab00000,0x00000000eae80000,0x00000000eae80000)
  from space 512K, 75% used [0x00000000eaf80000,0x00000000eafe0000,0x00000000eb000000)
  to   space 512K, 0% used [0x00000000eaf00000,0x00000000eaf00000,0x00000000eaf80000)
 ParOldGen       total 335360K, used 307994K [0x00000000c0000000, 0x00000000d4780000, 0x00000000eab00000)
  object space 335360K, 91% used [0x00000000c0000000,0x00000000d2cc6a98,0x00000000d4780000)
 Metaspace       used 67623K, committed 68608K, reserved 1114112K
  class space    used 8223K, committed 8640K, reserved 1048576K
}
Event: 27.807 GC heap after
{Heap after GC invocations=278 (full 12):
 PSYoungGen      total 4096K, used 512K [0x00000000eab00000, 0x00000000eb080000, 0x0000000100000000)
  eden space 3584K, 0% used [0x00000000eab00000,0x00000000eab00000,0x00000000eae80000)
  from space 512K, 100% used [0x00000000eaf00000,0x00000000eaf80000,0x00000000eaf80000)
  to   space 1024K, 0% used [0x00000000eaf80000,0x00000000eaf80000,0x00000000eb080000)
 ParOldGen       total 335360K, used 308050K [0x00000000c0000000, 0x00000000d4780000, 0x00000000eab00000)
  object space 335360K, 91% used [0x00000000c0000000,0x00000000d2cd4a98,0x00000000d4780000)
 Metaspace       used 67623K, committed 68608K, reserved 1114112K
  class space    used 8223K, committed 8640K, reserved 1048576K
}
Event: 27.847 GC heap before
{Heap before GC invocations=279 (full 12):
 PSYoungGen      total 4096K, used 4096K [0x00000000eab00000, 0x00000000eb080000, 0x0000000100000000)
  eden space 3584K, 100% used [0x00000000eab00000,0x00000000eae80000,0x00000000eae80000)
  from space 512K, 100% used [0x00000000eaf00000,0x00000000eaf80000,0x00000000eaf80000)
  to   space 1024K, 0% used [0x00000000eaf80000,0x00000000eaf80000,0x00000000eb080000)
 ParOldGen       total 335360K, used 308050K [0x00000000c0000000, 0x00000000d4780000, 0x00000000eab00000)
  object space 335360K, 91% used [0x00000000c0000000,0x00000000d2cd4a98,0x00000000d4780000)
 Metaspace       used 67957K, committed 68928K, reserved 1114112K
  class space    used 8287K, committed 8704K, reserved 1048576K
}
Event: 27.848 GC heap after
{Heap after GC invocations=279 (full 12):
 PSYoungGen      total 4608K, used 544K [0x00000000eab00000, 0x00000000eb080000, 0x0000000100000000)
  eden space 3584K, 0% used [0x00000000eab00000,0x00000000eab00000,0x00000000eae80000)
  from space 1024K, 53% used [0x00000000eaf80000,0x00000000eb008000,0x00000000eb080000)
  to   space 1024K, 0% used [0x00000000eae80000,0x00000000eae80000,0x00000000eaf80000)
 ParOldGen       total 335360K, used 308098K [0x00000000c0000000, 0x00000000d4780000, 0x00000000eab00000)
  object space 335360K, 91% used [0x00000000c0000000,0x00000000d2ce0a98,0x00000000d4780000)
 Metaspace       used 67957K, committed 68928K, reserved 1114112K
  class space    used 8287K, committed 8704K, reserved 1048576K
}
Event: 28.007 GC heap before
{Heap before GC invocations=280 (full 12):
 PSYoungGen      total 4608K, used 4128K [0x00000000eab00000, 0x00000000eb080000, 0x0000000100000000)
  eden space 3584K, 100% used [0x00000000eab00000,0x00000000eae80000,0x00000000eae80000)
  from space 1024K, 53% used [0x00000000eaf80000,0x00000000eb008000,0x00000000eb080000)
  to   space 1024K, 0% used [0x00000000eae80000,0x00000000eae80000,0x00000000eaf80000)
 ParOldGen       total 335360K, used 308098K [0x00000000c0000000, 0x00000000d4780000, 0x00000000eab00000)
  object space 335360K, 91% used [0x00000000c0000000,0x00000000d2ce0a98,0x00000000d4780000)
 Metaspace       used 68424K, committed 69440K, reserved 1114112K
  class space    used 8349K, committed 8832K, reserved 1048576K
}
Event: 28.008 GC heap after
{Heap after GC invocations=280 (full 12):
 PSYoungGen      total 4608K, used 672K [0x00000000eab00000, 0x00000000eb080000, 0x0000000100000000)
  eden space 3584K, 0% used [0x00000000eab00000,0x00000000eab00000,0x00000000eae80000)
  from space 1024K, 65% used [0x00000000eae80000,0x00000000eaf28000,0x00000000eaf80000)
  to   space 1024K, 0% used [0x00000000eaf80000,0x00000000eaf80000,0x00000000eb080000)
 ParOldGen       total 335360K, used 308170K [0x00000000c0000000, 0x00000000d4780000, 0x00000000eab00000)
  object space 335360K, 91% used [0x00000000c0000000,0x00000000d2cf2a98,0x00000000d4780000)
 Metaspace       used 68424K, committed 69440K, reserved 1114112K
  class space    used 8349K, committed 8832K, reserved 1048576K
}
Event: 34.173 GC heap before
{Heap before GC invocations=281 (full 12):
 PSYoungGen      total 4608K, used 4255K [0x00000000eab00000, 0x00000000eb080000, 0x0000000100000000)
  eden space 3584K, 99% used [0x00000000eab00000,0x00000000eae7fff0,0x00000000eae80000)
  from space 1024K, 65% used [0x00000000eae80000,0x00000000eaf28000,0x00000000eaf80000)
  to   space 1024K, 0% used [0x00000000eaf80000,0x00000000eaf80000,0x00000000eb080000)
 ParOldGen       total 335360K, used 308170K [0x00000000c0000000, 0x00000000d4780000, 0x00000000eab00000)
  object space 335360K, 91% used [0x00000000c0000000,0x00000000d2cf2a98,0x00000000d4780000)
 Metaspace       used 68581K, committed 69632K, reserved 1114112K
  class space    used 8365K, committed 8832K, reserved 1048576K
}
Event: 34.176 GC heap after
{Heap after GC invocations=281 (full 12):
 PSYoungGen      total 4608K, used 768K [0x00000000eab00000, 0x00000000eb080000, 0x0000000100000000)
  eden space 3584K, 0% used [0x00000000eab00000,0x00000000eab00000,0x00000000eae80000)
  from space 1024K, 75% used [0x00000000eaf80000,0x00000000eb040000,0x00000000eb080000)
  to   space 1024K, 0% used [0x00000000eae80000,0x00000000eae80000,0x00000000eaf80000)
 ParOldGen       total 335360K, used 308234K [0x00000000c0000000, 0x00000000d4780000, 0x00000000eab00000)
  object space 335360K, 91% used [0x00000000c0000000,0x00000000d2d02a98,0x00000000d4780000)
 Metaspace       used 68581K, committed 69632K, reserved 1114112K
  class space    used 8365K, committed 8832K, reserved 1048576K
}
Event: 35.719 GC heap before
{Heap before GC invocations=282 (full 12):
 PSYoungGen      total 4608K, used 4352K [0x00000000eab00000, 0x00000000eb080000, 0x0000000100000000)
  eden space 3584K, 100% used [0x00000000eab00000,0x00000000eae80000,0x00000000eae80000)
  from space 1024K, 75% used [0x00000000eaf80000,0x00000000eb040000,0x00000000eb080000)
  to   space 1024K, 0% used [0x00000000eae80000,0x00000000eae80000,0x00000000eaf80000)
 ParOldGen       total 335360K, used 308234K [0x00000000c0000000, 0x00000000d4780000, 0x00000000eab00000)
  object space 335360K, 91% used [0x00000000c0000000,0x00000000d2d02a98,0x00000000d4780000)
 Metaspace       used 68816K, committed 69824K, reserved 1114112K
  class space    used 8395K, committed 8832K, reserved 1048576K
}
Event: 35.720 GC heap after
{Heap after GC invocations=282 (full 12):
 PSYoungGen      total 4608K, used 704K [0x00000000eab00000, 0x00000000eb080000, 0x0000000100000000)
  eden space 3584K, 0% used [0x00000000eab00000,0x00000000eab00000,0x00000000eae80000)
  from space 1024K, 68% used [0x00000000eae80000,0x00000000eaf30000,0x00000000eaf80000)
  to   space 1024K, 0% used [0x00000000eaf80000,0x00000000eaf80000,0x00000000eb080000)
 ParOldGen       total 335360K, used 308296K [0x00000000c0000000, 0x00000000d4780000, 0x00000000eab00000)
  object space 335360K, 91% used [0x00000000c0000000,0x00000000d2d12238,0x00000000d4780000)
 Metaspace       used 68816K, committed 69824K, reserved 1114112K
  class space    used 8395K, committed 8832K, reserved 1048576K
}

